Arguments: 
  /Users/rocksama/.nvm/versions/node/v8.2.1/bin/node /usr/local/bin/yarn add antd-mobile

PATH: 
  /Users/rocksama/.nvm/versions/node/v8.2.1/bin:/usr/local/bin:/usr/bin:/bin:/usr/sbin:/sbin:/Users/rocksama/Library/Android/sdk/tools

Yarn version: 
  0.24.5

Node version: 
  8.2.1

Platform: 
  darwin x64

npm manifest: 
  {
    "private": true,
    "scripts": {
      "start": "roadhog server",
      "build": "roadhog build",
      "lint": "eslint --ext .js src test",
      "precommit": "npm run lint"
    },
    "engines": {
      "install-node": "6.9.2"
    },
    "dependencies": {
      "babel-runtime": "^6.9.2",
      "dva": "^1.2.1",
      "react": "^15.4.0",
      "react-dom": "^15.4.0"
    },
    "devDependencies": {
      "babel-eslint": "^7.1.1",
      "babel-plugin-dva-hmr": "^0.3.2",
      "babel-plugin-transform-runtime": "^6.9.0",
      "eslint": "^3.12.2",
      "eslint-config-airbnb": "^13.0.0",
      "eslint-plugin-import": "^2.2.0",
      "eslint-plugin-jsx-a11y": "^2.2.3",
      "eslint-plugin-react": "^6.8.0",
      "expect": "^1.20.2",
      "husky": "^0.12.0",
      "redbox-react": "^1.3.2",
      "roadhog": "^0.5.2"
    }
  }

yarn manifest: 
  No manifest

Lockfile: 
  No lockfile

Trace: 
  TypeError: https://registry.npm.taobao.org/react-native-camera-roll-picker: Cannot read property 'asyncReset' of null
      at Agent.addRequest (_http_agent.js:171:19)
      at new ClientRequest (_http_client.js:272:16)
      at Object.request (http.js:39:10)
      at Object.request (https.js:239:15)
      at Request.start (/usr/local/lib/node_modules/yarn/node_modules/request/request.js:755:32)
      at Request.end (/usr/local/lib/node_modules/yarn/node_modules/request/request.js:1525:10)
      at end (/usr/local/lib/node_modules/yarn/node_modules/request/request.js:567:14)
      at Immediate._onImmediate (/usr/local/lib/node_modules/yarn/node_modules/request/request.js:581:7)
      at runCallback (timers.js:781:20)
      at tryOnImmediate (timers.js:743:5)
